<?xml version="1.0" encoding="UTF-8"?>
<!-- Generated by org.testng.reporters.JUnitReportReporter -->
<testsuite hostname="unify-HP-EliteBook-840-G3" failures="0" tests="1" name="userTests.UserTokenTests" time="50.350" errors="0" timestamp="2020-08-31T16:58:06 IST" skipped="0">
  <testcase classname="userTests.UserTokenTests" name="newtokencreationTest" time="50.350"/>
</testsuite> <!-- userTests.UserTokenTests -->
