<?xml version="1.0" encoding="UTF-8"?>
<!-- Generated by org.testng.reporters.JUnitReportReporter -->
<testsuite hostname="unify-HP-EliteBook-840-G3" failures="0" tests="3" name="tests.Logintest" time="103.249" errors="0" timestamp="2020-08-31T12:54:06 IST" skipped="0">
  <testcase classname="tests.Logintest" name="titleTest" time="27.892"/>
  <testcase classname="tests.Logintest" name="loginTest" time="34.818"/>
  <testcase classname="tests.Logintest" name="invalidloginTest" time="40.539"/>
</testsuite> <!-- tests.Logintest -->
