<?xml version="1.0" encoding="UTF-8"?>
<!-- Generated by org.testng.reporters.JUnitReportReporter -->
<testsuite hostname="unify-HP-EliteBook-840-G3" failures="0" tests="3" name="userTests.UserLoginTest" time="82.844" errors="0" timestamp="2020-08-31T12:56:52 IST" skipped="0">
  <testcase classname="userTests.UserLoginTest" name="titleTest" time="20.008"/>
  <testcase classname="userTests.UserLoginTest" name="loginTest" time="32.308"/>
  <testcase classname="userTests.UserLoginTest" name="invalidloginTest" time="30.528"/>
</testsuite> <!-- userTests.UserLoginTest -->
