<?xml version="1.0" encoding="UTF-8"?>
<!-- Generated by org.testng.reporters.JUnitReportReporter -->
<testsuite hostname="unify-HP-EliteBook-840-G3" failures="0" tests="2" name="tests.HomePageTests" time="78.781" errors="0" timestamp="2020-08-24T19:02:38 IST" skipped="0">
  <testcase classname="tests.HomePageTests" name="usercreationTest" time="46.506"/>
  <testcase classname="tests.HomePageTests" name="invalidusercreationTest" time="32.275"/>
</testsuite> <!-- tests.HomePageTests -->
